[2025-11-08 11:30:03] [ONCEDataset] [INFO]: ONCEDataset(data_path=/home/lingfeng/Desktop/DATA/ONCE/val/camera, annotation_path=/home/lingfeng/Desktop/DATA/ONCE/val/annotation)
[2025-11-08 11:30:44] [ONCEDataset] [INFO]: ONCEDataset(data_path=/home/lingfeng/Desktop/DATA/ONCE/val/camera, annotation_path=/home/lingfeng/Desktop/DATA/ONCE/val/annotation)
[2025-11-08 11:32:14] [ONCEDataset] [INFO]: ONCEDataset(data_path=/home/lingfeng/Desktop/DATA/ONCE/val/camera, annotation_path=/home/lingfeng/Desktop/DATA/ONCE/val/annotation)
[2025-11-08 11:34:27] [ONCEDataset] [INFO]: ONCEDataset(data_path=/home/lingfeng/Desktop/DATA/ONCE/val/camera, annotation_path=/home/lingfeng/Desktop/DATA/ONCE/val/annotation)
[2025-11-08 11:39:28] [ONCEDataset] [INFO]: ONCEDataset(data_path=/home/lingfeng/Desktop/DATA/ONCE/val/camera, annotation_path=/home/lingfeng/Desktop/DATA/ONCE/val/annotation)
[2025-11-08 11:40:46] [ONCEDataset] [INFO]: ONCEDataset(data_path=/home/lingfeng/Desktop/DATA/ONCE/val/camera, annotation_path=/home/lingfeng/Desktop/DATA/ONCE/val/annotation)
[2025-11-08 11:41:49] [ONCEDataset] [INFO]: ONCEDataset(data_path=/home/lingfeng/Desktop/DATA/ONCE/val/camera, annotation_path=/home/lingfeng/Desktop/DATA/ONCE/val/annotation)
[2025-11-08 11:42:09] [ONCEDataset] [INFO]: Found sensor data path: /home/lingfeng/Desktop/DATA/ONCE/val/camera/000201/cam06
[2025-11-08 11:42:09] [ONCEDataset] [INFO]: Found sensor data path: /home/lingfeng/Desktop/DATA/ONCE/val/camera/000201/cam05
[2025-11-08 11:42:09] [ONCEDataset] [INFO]: Found sensor data path: /home/lingfeng/Desktop/DATA/ONCE/val/camera/000201/cam03
[2025-11-08 11:42:09] [ONCEDataset] [INFO]: Found sensor data path: /home/lingfeng/Desktop/DATA/ONCE/val/camera/000201/cam01
[2025-11-08 11:42:09] [ONCEDataset] [INFO]: Found sensor data path: /home/lingfeng/Desktop/DATA/ONCE/val/camera/000201/cam08
[2025-11-08 11:42:09] [ONCEDataset] [INFO]: Found sensor data path: /home/lingfeng/Desktop/DATA/ONCE/val/camera/000201/cam07
[2025-11-08 11:42:09] [ONCEDataset] [INFO]: Found sensor data path: /home/lingfeng/Desktop/DATA/ONCE/val/camera/000201/cam09
[2025-11-08 11:42:09] [ONCEDataset] [INFO]: Found sensor data path: /home/lingfeng/Desktop/DATA/ONCE/val/camera/000112/cam06
[2025-11-08 11:42:09] [ONCEDataset] [INFO]: Found sensor data path: /home/lingfeng/Desktop/DATA/ONCE/val/camera/000112/cam05
[2025-11-08 11:42:09] [ONCEDataset] [INFO]: Found sensor data path: /home/lingfeng/Desktop/DATA/ONCE/val/camera/000112/cam03
[2025-11-08 11:42:09] [ONCEDataset] [INFO]: Found sensor data path: /home/lingfeng/Desktop/DATA/ONCE/val/camera/000112/cam01
[2025-11-08 11:42:09] [ONCEDataset] [INFO]: Found sensor data path: /home/lingfeng/Desktop/DATA/ONCE/val/camera/000112/cam08
[2025-11-08 11:42:09] [ONCEDataset] [INFO]: Found sensor data path: /home/lingfeng/Desktop/DATA/ONCE/val/camera/000112/cam07
[2025-11-08 11:42:09] [ONCEDataset] [INFO]: Found sensor data path: /home/lingfeng/Desktop/DATA/ONCE/val/camera/000112/cam09
[2025-11-08 11:42:09] [ONCEDataset] [INFO]: Found sensor data path: /home/lingfeng/Desktop/DATA/ONCE/val/camera/000028/cam06
[2025-11-08 11:42:09] [ONCEDataset] [INFO]: Found sensor data path: /home/lingfeng/Desktop/DATA/ONCE/val/camera/000028/cam05
[2025-11-08 11:42:09] [ONCEDataset] [INFO]: Found sensor data path: /home/lingfeng/Desktop/DATA/ONCE/val/camera/000028/cam03
[2025-11-08 11:42:09] [ONCEDataset] [INFO]: Found sensor data path: /home/lingfeng/Desktop/DATA/ONCE/val/camera/000028/cam01
[2025-11-08 11:42:09] [ONCEDataset] [INFO]: Found sensor data path: /home/lingfeng/Desktop/DATA/ONCE/val/camera/000028/cam08
[2025-11-08 11:42:09] [ONCEDataset] [INFO]: Found sensor data path: /home/lingfeng/Desktop/DATA/ONCE/val/camera/000028/cam07
[2025-11-08 11:42:09] [ONCEDataset] [INFO]: Found sensor data path: /home/lingfeng/Desktop/DATA/ONCE/val/camera/000028/cam09
[2025-11-08 11:42:09] [ONCEDataset] [INFO]: Found sensor data path: /home/lingfeng/Desktop/DATA/ONCE/val/camera/000027/cam06
[2025-11-08 11:42:09] [ONCEDataset] [INFO]: Found sensor data path: /home/lingfeng/Desktop/DATA/ONCE/val/camera/000027/cam05
[2025-11-08 11:42:09] [ONCEDataset] [INFO]: Found sensor data path: /home/lingfeng/Desktop/DATA/ONCE/val/camera/000027/cam03
[2025-11-08 11:42:09] [ONCEDataset] [INFO]: Found sensor data path: /home/lingfeng/Desktop/DATA/ONCE/val/camera/000027/cam01
[2025-11-08 11:42:09] [ONCEDataset] [INFO]: Found sensor data path: /home/lingfeng/Desktop/DATA/ONCE/val/camera/000027/cam08
[2025-11-08 11:42:09] [ONCEDataset] [INFO]: Found sensor data path: /home/lingfeng/Desktop/DATA/ONCE/val/camera/000027/cam07
[2025-11-08 11:42:09] [ONCEDataset] [INFO]: Found sensor data path: /home/lingfeng/Desktop/DATA/ONCE/val/camera/000027/cam09
[2025-11-08 11:42:09] [ONCEDataset] [INFO]: ONCEDataset(data_path=/home/lingfeng/Desktop/DATA/ONCE/val/camera, annotation_path=/home/lingfeng/Desktop/DATA/ONCE/val/annotation)
[2025-11-08 11:43:43] [ONCEDataset] [INFO]: Found sensor data path: /home/lingfeng/Desktop/DATA/ONCE/val/camera/000201/cam06
[2025-11-08 11:43:43] [ONCEDataset] [INFO]: Found sensor data path: /home/lingfeng/Desktop/DATA/ONCE/val/camera/000201/cam05
[2025-11-08 11:43:43] [ONCEDataset] [INFO]: Found sensor data path: /home/lingfeng/Desktop/DATA/ONCE/val/camera/000201/cam03
[2025-11-08 11:43:43] [ONCEDataset] [INFO]: Found sensor data path: /home/lingfeng/Desktop/DATA/ONCE/val/camera/000201/cam01
[2025-11-08 11:43:43] [ONCEDataset] [INFO]: Found sensor data path: /home/lingfeng/Desktop/DATA/ONCE/val/camera/000201/cam08
[2025-11-08 11:43:43] [ONCEDataset] [INFO]: Found sensor data path: /home/lingfeng/Desktop/DATA/ONCE/val/camera/000201/cam07
[2025-11-08 11:43:43] [ONCEDataset] [INFO]: Found sensor data path: /home/lingfeng/Desktop/DATA/ONCE/val/camera/000201/cam09
[2025-11-08 11:43:43] [ONCEDataset] [INFO]: Found sensor data path: /home/lingfeng/Desktop/DATA/ONCE/val/camera/000112/cam06
[2025-11-08 11:43:43] [ONCEDataset] [INFO]: Found sensor data path: /home/lingfeng/Desktop/DATA/ONCE/val/camera/000112/cam05
[2025-11-08 11:43:43] [ONCEDataset] [INFO]: Found sensor data path: /home/lingfeng/Desktop/DATA/ONCE/val/camera/000112/cam03
[2025-11-08 11:43:43] [ONCEDataset] [INFO]: Found sensor data path: /home/lingfeng/Desktop/DATA/ONCE/val/camera/000112/cam01
[2025-11-08 11:43:43] [ONCEDataset] [INFO]: Found sensor data path: /home/lingfeng/Desktop/DATA/ONCE/val/camera/000112/cam08
[2025-11-08 11:43:43] [ONCEDataset] [INFO]: Found sensor data path: /home/lingfeng/Desktop/DATA/ONCE/val/camera/000112/cam07
[2025-11-08 11:43:43] [ONCEDataset] [INFO]: Found sensor data path: /home/lingfeng/Desktop/DATA/ONCE/val/camera/000112/cam09
[2025-11-08 11:43:43] [ONCEDataset] [INFO]: Found sensor data path: /home/lingfeng/Desktop/DATA/ONCE/val/camera/000028/cam06
[2025-11-08 11:43:43] [ONCEDataset] [INFO]: Found sensor data path: /home/lingfeng/Desktop/DATA/ONCE/val/camera/000028/cam05
[2025-11-08 11:43:43] [ONCEDataset] [INFO]: Found sensor data path: /home/lingfeng/Desktop/DATA/ONCE/val/camera/000028/cam03
[2025-11-08 11:43:43] [ONCEDataset] [INFO]: Found sensor data path: /home/lingfeng/Desktop/DATA/ONCE/val/camera/000028/cam01
[2025-11-08 11:43:43] [ONCEDataset] [INFO]: Found sensor data path: /home/lingfeng/Desktop/DATA/ONCE/val/camera/000028/cam08
[2025-11-08 11:43:43] [ONCEDataset] [INFO]: Found sensor data path: /home/lingfeng/Desktop/DATA/ONCE/val/camera/000028/cam07
[2025-11-08 11:43:43] [ONCEDataset] [INFO]: Found sensor data path: /home/lingfeng/Desktop/DATA/ONCE/val/camera/000028/cam09
[2025-11-08 11:43:43] [ONCEDataset] [INFO]: Found sensor data path: /home/lingfeng/Desktop/DATA/ONCE/val/camera/000027/cam06
[2025-11-08 11:43:43] [ONCEDataset] [INFO]: Found sensor data path: /home/lingfeng/Desktop/DATA/ONCE/val/camera/000027/cam05
[2025-11-08 11:43:43] [ONCEDataset] [INFO]: Found sensor data path: /home/lingfeng/Desktop/DATA/ONCE/val/camera/000027/cam03
[2025-11-08 11:43:43] [ONCEDataset] [INFO]: Found sensor data path: /home/lingfeng/Desktop/DATA/ONCE/val/camera/000027/cam01
[2025-11-08 11:43:43] [ONCEDataset] [INFO]: Found sensor data path: /home/lingfeng/Desktop/DATA/ONCE/val/camera/000027/cam08
[2025-11-08 11:43:43] [ONCEDataset] [INFO]: Found sensor data path: /home/lingfeng/Desktop/DATA/ONCE/val/camera/000027/cam07
[2025-11-08 11:43:43] [ONCEDataset] [INFO]: Found sensor data path: /home/lingfeng/Desktop/DATA/ONCE/val/camera/000027/cam09
[2025-11-08 11:43:43] [ONCEDataset] [INFO]: ONCEDataset(data_path=/home/lingfeng/Desktop/DATA/ONCE/val/camera, annotation_path=/home/lingfeng/Desktop/DATA/ONCE/val/annotation)
[2025-11-08 11:46:46] [ONCEDataset] [INFO]: Found sensor data path: /home/lingfeng/Desktop/DATA/ONCE/val/camera/000201/cam06
[2025-11-08 11:46:46] [ONCEDataset] [INFO]: Found sensor data path: /home/lingfeng/Desktop/DATA/ONCE/val/camera/000201/cam05
[2025-11-08 11:46:46] [ONCEDataset] [INFO]: Found sensor data path: /home/lingfeng/Desktop/DATA/ONCE/val/camera/000201/cam03
[2025-11-08 11:46:46] [ONCEDataset] [INFO]: Found sensor data path: /home/lingfeng/Desktop/DATA/ONCE/val/camera/000201/cam01
[2025-11-08 11:46:46] [ONCEDataset] [INFO]: Found sensor data path: /home/lingfeng/Desktop/DATA/ONCE/val/camera/000201/cam08
[2025-11-08 11:46:46] [ONCEDataset] [INFO]: Found sensor data path: /home/lingfeng/Desktop/DATA/ONCE/val/camera/000201/cam07
[2025-11-08 11:46:46] [ONCEDataset] [INFO]: Found sensor data path: /home/lingfeng/Desktop/DATA/ONCE/val/camera/000201/cam09
[2025-11-08 11:46:46] [ONCEDataset] [INFO]: Found sensor data path: /home/lingfeng/Desktop/DATA/ONCE/val/camera/000112/cam06
[2025-11-08 11:46:46] [ONCEDataset] [INFO]: Found sensor data path: /home/lingfeng/Desktop/DATA/ONCE/val/camera/000112/cam05
[2025-11-08 11:46:46] [ONCEDataset] [INFO]: Found sensor data path: /home/lingfeng/Desktop/DATA/ONCE/val/camera/000112/cam03
[2025-11-08 11:46:46] [ONCEDataset] [INFO]: Found sensor data path: /home/lingfeng/Desktop/DATA/ONCE/val/camera/000112/cam01
[2025-11-08 11:46:46] [ONCEDataset] [INFO]: Found sensor data path: /home/lingfeng/Desktop/DATA/ONCE/val/camera/000112/cam08
[2025-11-08 11:46:46] [ONCEDataset] [INFO]: Found sensor data path: /home/lingfeng/Desktop/DATA/ONCE/val/camera/000112/cam07
[2025-11-08 11:46:46] [ONCEDataset] [INFO]: Found sensor data path: /home/lingfeng/Desktop/DATA/ONCE/val/camera/000112/cam09
[2025-11-08 11:46:46] [ONCEDataset] [INFO]: Found sensor data path: /home/lingfeng/Desktop/DATA/ONCE/val/camera/000028/cam06
[2025-11-08 11:46:46] [ONCEDataset] [INFO]: Found sensor data path: /home/lingfeng/Desktop/DATA/ONCE/val/camera/000028/cam05
[2025-11-08 11:46:46] [ONCEDataset] [INFO]: Found sensor data path: /home/lingfeng/Desktop/DATA/ONCE/val/camera/000028/cam03
[2025-11-08 11:46:46] [ONCEDataset] [INFO]: Found sensor data path: /home/lingfeng/Desktop/DATA/ONCE/val/camera/000028/cam01
[2025-11-08 11:46:46] [ONCEDataset] [INFO]: Found sensor data path: /home/lingfeng/Desktop/DATA/ONCE/val/camera/000028/cam08
[2025-11-08 11:46:46] [ONCEDataset] [INFO]: Found sensor data path: /home/lingfeng/Desktop/DATA/ONCE/val/camera/000028/cam07
[2025-11-08 11:46:46] [ONCEDataset] [INFO]: Found sensor data path: /home/lingfeng/Desktop/DATA/ONCE/val/camera/000028/cam09
[2025-11-08 11:46:46] [ONCEDataset] [INFO]: Found sensor data path: /home/lingfeng/Desktop/DATA/ONCE/val/camera/000027/cam06
[2025-11-08 11:46:46] [ONCEDataset] [INFO]: Found sensor data path: /home/lingfeng/Desktop/DATA/ONCE/val/camera/000027/cam05
[2025-11-08 11:46:46] [ONCEDataset] [INFO]: Found sensor data path: /home/lingfeng/Desktop/DATA/ONCE/val/camera/000027/cam03
[2025-11-08 11:46:46] [ONCEDataset] [INFO]: Found sensor data path: /home/lingfeng/Desktop/DATA/ONCE/val/camera/000027/cam01
[2025-11-08 11:46:46] [ONCEDataset] [INFO]: Found sensor data path: /home/lingfeng/Desktop/DATA/ONCE/val/camera/000027/cam08
[2025-11-08 11:46:46] [ONCEDataset] [INFO]: Found sensor data path: /home/lingfeng/Desktop/DATA/ONCE/val/camera/000027/cam07
[2025-11-08 11:46:46] [ONCEDataset] [INFO]: Found sensor data path: /home/lingfeng/Desktop/DATA/ONCE/val/camera/000027/cam09
[2025-11-08 11:46:46] [ONCEDataset] [INFO]: ONCEDataset(data_path=/home/lingfeng/Desktop/DATA/ONCE/val/camera, annotation_path=/home/lingfeng/Desktop/DATA/ONCE/val/annotation)
[2025-11-08 11:46:55] [ONCEDataset] [INFO]: Found sensor data path: /home/lingfeng/Desktop/DATA/ONCE/val/camera/000201/cam06
[2025-11-08 11:46:55] [ONCEDataset] [INFO]: Found sensor data path: /home/lingfeng/Desktop/DATA/ONCE/val/camera/000201/cam05
[2025-11-08 11:46:55] [ONCEDataset] [INFO]: Found sensor data path: /home/lingfeng/Desktop/DATA/ONCE/val/camera/000201/cam03
[2025-11-08 11:46:55] [ONCEDataset] [INFO]: Found sensor data path: /home/lingfeng/Desktop/DATA/ONCE/val/camera/000201/cam01
[2025-11-08 11:46:55] [ONCEDataset] [INFO]: Found sensor data path: /home/lingfeng/Desktop/DATA/ONCE/val/camera/000201/cam08
[2025-11-08 11:46:55] [ONCEDataset] [INFO]: Found sensor data path: /home/lingfeng/Desktop/DATA/ONCE/val/camera/000201/cam07
[2025-11-08 11:46:55] [ONCEDataset] [INFO]: Found sensor data path: /home/lingfeng/Desktop/DATA/ONCE/val/camera/000201/cam09
[2025-11-08 11:46:55] [ONCEDataset] [INFO]: Found sensor data path: /home/lingfeng/Desktop/DATA/ONCE/val/camera/000112/cam06
[2025-11-08 11:46:55] [ONCEDataset] [INFO]: Found sensor data path: /home/lingfeng/Desktop/DATA/ONCE/val/camera/000112/cam05
[2025-11-08 11:46:55] [ONCEDataset] [INFO]: Found sensor data path: /home/lingfeng/Desktop/DATA/ONCE/val/camera/000112/cam03
[2025-11-08 11:46:55] [ONCEDataset] [INFO]: Found sensor data path: /home/lingfeng/Desktop/DATA/ONCE/val/camera/000112/cam01
[2025-11-08 11:46:55] [ONCEDataset] [INFO]: Found sensor data path: /home/lingfeng/Desktop/DATA/ONCE/val/camera/000112/cam08
[2025-11-08 11:46:55] [ONCEDataset] [INFO]: Found sensor data path: /home/lingfeng/Desktop/DATA/ONCE/val/camera/000112/cam07
[2025-11-08 11:46:55] [ONCEDataset] [INFO]: Found sensor data path: /home/lingfeng/Desktop/DATA/ONCE/val/camera/000112/cam09
[2025-11-08 11:46:55] [ONCEDataset] [INFO]: Found sensor data path: /home/lingfeng/Desktop/DATA/ONCE/val/camera/000028/cam06
[2025-11-08 11:46:55] [ONCEDataset] [INFO]: Found sensor data path: /home/lingfeng/Desktop/DATA/ONCE/val/camera/000028/cam05
[2025-11-08 11:46:55] [ONCEDataset] [INFO]: Found sensor data path: /home/lingfeng/Desktop/DATA/ONCE/val/camera/000028/cam03
[2025-11-08 11:46:55] [ONCEDataset] [INFO]: Found sensor data path: /home/lingfeng/Desktop/DATA/ONCE/val/camera/000028/cam01
[2025-11-08 11:46:55] [ONCEDataset] [INFO]: Found sensor data path: /home/lingfeng/Desktop/DATA/ONCE/val/camera/000028/cam08
[2025-11-08 11:46:55] [ONCEDataset] [INFO]: Found sensor data path: /home/lingfeng/Desktop/DATA/ONCE/val/camera/000028/cam07
[2025-11-08 11:46:55] [ONCEDataset] [INFO]: Found sensor data path: /home/lingfeng/Desktop/DATA/ONCE/val/camera/000028/cam09
[2025-11-08 11:46:55] [ONCEDataset] [INFO]: Found sensor data path: /home/lingfeng/Desktop/DATA/ONCE/val/camera/000027/cam06
[2025-11-08 11:46:55] [ONCEDataset] [INFO]: Found sensor data path: /home/lingfeng/Desktop/DATA/ONCE/val/camera/000027/cam05
[2025-11-08 11:46:55] [ONCEDataset] [INFO]: Found sensor data path: /home/lingfeng/Desktop/DATA/ONCE/val/camera/000027/cam03
[2025-11-08 11:46:55] [ONCEDataset] [INFO]: Found sensor data path: /home/lingfeng/Desktop/DATA/ONCE/val/camera/000027/cam01
[2025-11-08 11:46:55] [ONCEDataset] [INFO]: Found sensor data path: /home/lingfeng/Desktop/DATA/ONCE/val/camera/000027/cam08
[2025-11-08 11:46:55] [ONCEDataset] [INFO]: Found sensor data path: /home/lingfeng/Desktop/DATA/ONCE/val/camera/000027/cam07
[2025-11-08 11:46:55] [ONCEDataset] [INFO]: Found sensor data path: /home/lingfeng/Desktop/DATA/ONCE/val/camera/000027/cam09
[2025-11-08 11:46:55] [ONCEDataset] [INFO]: ONCEDataset(data_path=/home/lingfeng/Desktop/DATA/ONCE/val/camera, annotation_path=/home/lingfeng/Desktop/DATA/ONCE/val/annotation)
[2025-11-08 11:46:55] [ONCEDataset] [INFO]: Found sensor data path: /home/lingfeng/Desktop/DATA/ONCE/val/lidar/000201/lidar_roof
[2025-11-08 11:46:55] [ONCEDataset] [INFO]: Found sensor data path: /home/lingfeng/Desktop/DATA/ONCE/val/lidar/000112/lidar_roof
[2025-11-08 11:46:55] [ONCEDataset] [INFO]: Found sensor data path: /home/lingfeng/Desktop/DATA/ONCE/val/lidar/000028/lidar_roof
[2025-11-08 11:46:55] [ONCEDataset] [INFO]: Found sensor data path: /home/lingfeng/Desktop/DATA/ONCE/val/lidar/000027/lidar_roof
[2025-11-08 11:46:55] [ONCEDataset] [INFO]: ONCEDataset(data_path=/home/lingfeng/Desktop/DATA/ONCE/val/lidar, annotation_path=/home/lingfeng/Desktop/DATA/ONCE/val/annotation)
[2025-11-08 11:53:18] [ONCEDataset] [INFO]: Found camera data path: /home/lingfeng/Desktop/DATA/ONCE/val/camera/000201/cam06
[2025-11-08 11:53:18] [ONCEDataset] [INFO]: Found camera data path: /home/lingfeng/Desktop/DATA/ONCE/val/camera/000201/cam05
[2025-11-08 11:53:18] [ONCEDataset] [INFO]: Found camera data path: /home/lingfeng/Desktop/DATA/ONCE/val/camera/000201/cam03
[2025-11-08 11:53:18] [ONCEDataset] [INFO]: Found camera data path: /home/lingfeng/Desktop/DATA/ONCE/val/camera/000201/cam01
[2025-11-08 11:53:18] [ONCEDataset] [INFO]: Found camera data path: /home/lingfeng/Desktop/DATA/ONCE/val/camera/000201/cam08
[2025-11-08 11:53:18] [ONCEDataset] [INFO]: Found camera data path: /home/lingfeng/Desktop/DATA/ONCE/val/camera/000201/cam07
[2025-11-08 11:53:18] [ONCEDataset] [INFO]: Found camera data path: /home/lingfeng/Desktop/DATA/ONCE/val/camera/000201/cam09
[2025-11-08 11:53:18] [ONCEDataset] [INFO]: Found camera data path: /home/lingfeng/Desktop/DATA/ONCE/val/camera/000112/cam06
[2025-11-08 11:53:18] [ONCEDataset] [INFO]: Found camera data path: /home/lingfeng/Desktop/DATA/ONCE/val/camera/000112/cam05
[2025-11-08 11:53:18] [ONCEDataset] [INFO]: Found camera data path: /home/lingfeng/Desktop/DATA/ONCE/val/camera/000112/cam03
[2025-11-08 11:53:18] [ONCEDataset] [INFO]: Found camera data path: /home/lingfeng/Desktop/DATA/ONCE/val/camera/000112/cam01
[2025-11-08 11:53:18] [ONCEDataset] [INFO]: Found camera data path: /home/lingfeng/Desktop/DATA/ONCE/val/camera/000112/cam08
[2025-11-08 11:53:18] [ONCEDataset] [INFO]: Found camera data path: /home/lingfeng/Desktop/DATA/ONCE/val/camera/000112/cam07
[2025-11-08 11:53:18] [ONCEDataset] [INFO]: Found camera data path: /home/lingfeng/Desktop/DATA/ONCE/val/camera/000112/cam09
[2025-11-08 11:53:18] [ONCEDataset] [INFO]: Found camera data path: /home/lingfeng/Desktop/DATA/ONCE/val/camera/000028/cam06
[2025-11-08 11:53:18] [ONCEDataset] [INFO]: Found camera data path: /home/lingfeng/Desktop/DATA/ONCE/val/camera/000028/cam05
[2025-11-08 11:53:18] [ONCEDataset] [INFO]: Found camera data path: /home/lingfeng/Desktop/DATA/ONCE/val/camera/000028/cam03
[2025-11-08 11:53:18] [ONCEDataset] [INFO]: Found camera data path: /home/lingfeng/Desktop/DATA/ONCE/val/camera/000028/cam01
[2025-11-08 11:53:18] [ONCEDataset] [INFO]: Found camera data path: /home/lingfeng/Desktop/DATA/ONCE/val/camera/000028/cam08
[2025-11-08 11:53:18] [ONCEDataset] [INFO]: Found camera data path: /home/lingfeng/Desktop/DATA/ONCE/val/camera/000028/cam07
[2025-11-08 11:53:18] [ONCEDataset] [INFO]: Found camera data path: /home/lingfeng/Desktop/DATA/ONCE/val/camera/000028/cam09
[2025-11-08 11:53:18] [ONCEDataset] [INFO]: Found camera data path: /home/lingfeng/Desktop/DATA/ONCE/val/camera/000027/cam06
[2025-11-08 11:53:18] [ONCEDataset] [INFO]: Found camera data path: /home/lingfeng/Desktop/DATA/ONCE/val/camera/000027/cam05
[2025-11-08 11:53:18] [ONCEDataset] [INFO]: Found camera data path: /home/lingfeng/Desktop/DATA/ONCE/val/camera/000027/cam03
[2025-11-08 11:53:18] [ONCEDataset] [INFO]: Found camera data path: /home/lingfeng/Desktop/DATA/ONCE/val/camera/000027/cam01
[2025-11-08 11:53:18] [ONCEDataset] [INFO]: Found camera data path: /home/lingfeng/Desktop/DATA/ONCE/val/camera/000027/cam08
[2025-11-08 11:53:18] [ONCEDataset] [INFO]: Found camera data path: /home/lingfeng/Desktop/DATA/ONCE/val/camera/000027/cam07
[2025-11-08 11:53:18] [ONCEDataset] [INFO]: Found camera data path: /home/lingfeng/Desktop/DATA/ONCE/val/camera/000027/cam09
[2025-11-08 11:53:18] [ONCEDataset] [INFO]: Found camera data path: /home/lingfeng/Desktop/DATA/ONCE/val/lidar/000201/camera
[2025-11-08 11:53:18] [ONCEDataset] [INFO]: Found camera data path: /home/lingfeng/Desktop/DATA/ONCE/val/lidar/000112/camera
[2025-11-08 11:53:18] [ONCEDataset] [INFO]: Found camera data path: /home/lingfeng/Desktop/DATA/ONCE/val/lidar/000028/camera
[2025-11-08 11:53:18] [ONCEDataset] [INFO]: Found camera data path: /home/lingfeng/Desktop/DATA/ONCE/val/lidar/000027/camera
[2025-11-08 11:53:18] [ONCEDataset] [INFO]: Found lidar data path: /home/lingfeng/Desktop/DATA/ONCE/val/lidar/000201/lidar_roof
[2025-11-08 11:53:18] [ONCEDataset] [INFO]: Found lidar data path: /home/lingfeng/Desktop/DATA/ONCE/val/lidar/000112/lidar_roof
[2025-11-08 11:53:18] [ONCEDataset] [INFO]: Found lidar data path: /home/lingfeng/Desktop/DATA/ONCE/val/lidar/000028/lidar_roof
[2025-11-08 11:53:18] [ONCEDataset] [INFO]: Found lidar data path: /home/lingfeng/Desktop/DATA/ONCE/val/lidar/000027/lidar_roof
[2025-11-08 11:53:18] [ONCEDataset] [INFO]: ONCEDataset(data_path=/home/lingfeng/Desktop/DATA/ONCE/val, annotation_path=/home/lingfeng/Desktop/DATA/ONCE/val/annotation)
[2025-11-08 11:53:18] [ONCEDataset] [INFO]: Found camera data path: /home/lingfeng/Desktop/DATA/ONCE/val/camera/000201/cam06
[2025-11-08 11:53:18] [ONCEDataset] [INFO]: Found camera data path: /home/lingfeng/Desktop/DATA/ONCE/val/camera/000201/cam05
[2025-11-08 11:53:18] [ONCEDataset] [INFO]: Found camera data path: /home/lingfeng/Desktop/DATA/ONCE/val/camera/000201/cam03
[2025-11-08 11:53:18] [ONCEDataset] [INFO]: Found camera data path: /home/lingfeng/Desktop/DATA/ONCE/val/camera/000201/cam01
[2025-11-08 11:53:18] [ONCEDataset] [INFO]: Found camera data path: /home/lingfeng/Desktop/DATA/ONCE/val/camera/000201/cam08
[2025-11-08 11:53:18] [ONCEDataset] [INFO]: Found camera data path: /home/lingfeng/Desktop/DATA/ONCE/val/camera/000201/cam07
[2025-11-08 11:53:18] [ONCEDataset] [INFO]: Found camera data path: /home/lingfeng/Desktop/DATA/ONCE/val/camera/000201/cam09
[2025-11-08 11:53:18] [ONCEDataset] [INFO]: Found camera data path: /home/lingfeng/Desktop/DATA/ONCE/val/camera/000112/cam06
[2025-11-08 11:53:18] [ONCEDataset] [INFO]: Found camera data path: /home/lingfeng/Desktop/DATA/ONCE/val/camera/000112/cam05
[2025-11-08 11:53:18] [ONCEDataset] [INFO]: Found camera data path: /home/lingfeng/Desktop/DATA/ONCE/val/camera/000112/cam03
[2025-11-08 11:53:18] [ONCEDataset] [INFO]: Found camera data path: /home/lingfeng/Desktop/DATA/ONCE/val/camera/000112/cam01
[2025-11-08 11:53:18] [ONCEDataset] [INFO]: Found camera data path: /home/lingfeng/Desktop/DATA/ONCE/val/camera/000112/cam08
[2025-11-08 11:53:18] [ONCEDataset] [INFO]: Found camera data path: /home/lingfeng/Desktop/DATA/ONCE/val/camera/000112/cam07
[2025-11-08 11:53:18] [ONCEDataset] [INFO]: Found camera data path: /home/lingfeng/Desktop/DATA/ONCE/val/camera/000112/cam09
[2025-11-08 11:53:18] [ONCEDataset] [INFO]: Found camera data path: /home/lingfeng/Desktop/DATA/ONCE/val/camera/000028/cam06
[2025-11-08 11:53:18] [ONCEDataset] [INFO]: Found camera data path: /home/lingfeng/Desktop/DATA/ONCE/val/camera/000028/cam05
[2025-11-08 11:53:18] [ONCEDataset] [INFO]: Found camera data path: /home/lingfeng/Desktop/DATA/ONCE/val/camera/000028/cam03
[2025-11-08 11:53:18] [ONCEDataset] [INFO]: Found camera data path: /home/lingfeng/Desktop/DATA/ONCE/val/camera/000028/cam01
[2025-11-08 11:53:18] [ONCEDataset] [INFO]: Found camera data path: /home/lingfeng/Desktop/DATA/ONCE/val/camera/000028/cam08
[2025-11-08 11:53:18] [ONCEDataset] [INFO]: Found camera data path: /home/lingfeng/Desktop/DATA/ONCE/val/camera/000028/cam07
[2025-11-08 11:53:18] [ONCEDataset] [INFO]: Found camera data path: /home/lingfeng/Desktop/DATA/ONCE/val/camera/000028/cam09
[2025-11-08 11:53:18] [ONCEDataset] [INFO]: Found camera data path: /home/lingfeng/Desktop/DATA/ONCE/val/camera/000027/cam06
[2025-11-08 11:53:18] [ONCEDataset] [INFO]: Found camera data path: /home/lingfeng/Desktop/DATA/ONCE/val/camera/000027/cam05
[2025-11-08 11:53:18] [ONCEDataset] [INFO]: Found camera data path: /home/lingfeng/Desktop/DATA/ONCE/val/camera/000027/cam03
[2025-11-08 11:53:18] [ONCEDataset] [INFO]: Found camera data path: /home/lingfeng/Desktop/DATA/ONCE/val/camera/000027/cam01
[2025-11-08 11:53:18] [ONCEDataset] [INFO]: Found camera data path: /home/lingfeng/Desktop/DATA/ONCE/val/camera/000027/cam08
[2025-11-08 11:53:18] [ONCEDataset] [INFO]: Found camera data path: /home/lingfeng/Desktop/DATA/ONCE/val/camera/000027/cam07
[2025-11-08 11:53:18] [ONCEDataset] [INFO]: Found camera data path: /home/lingfeng/Desktop/DATA/ONCE/val/camera/000027/cam09
[2025-11-08 11:53:18] [ONCEDataset] [INFO]: Found camera data path: /home/lingfeng/Desktop/DATA/ONCE/val/lidar/000201/camera
[2025-11-08 11:53:18] [ONCEDataset] [INFO]: Found camera data path: /home/lingfeng/Desktop/DATA/ONCE/val/lidar/000112/camera
[2025-11-08 11:53:18] [ONCEDataset] [INFO]: Found camera data path: /home/lingfeng/Desktop/DATA/ONCE/val/lidar/000028/camera
[2025-11-08 11:53:18] [ONCEDataset] [INFO]: Found camera data path: /home/lingfeng/Desktop/DATA/ONCE/val/lidar/000027/camera
[2025-11-08 11:53:18] [ONCEDataset] [INFO]: Found lidar data path: /home/lingfeng/Desktop/DATA/ONCE/val/lidar/000201/lidar_roof
[2025-11-08 11:53:18] [ONCEDataset] [INFO]: Found lidar data path: /home/lingfeng/Desktop/DATA/ONCE/val/lidar/000112/lidar_roof
[2025-11-08 11:53:18] [ONCEDataset] [INFO]: Found lidar data path: /home/lingfeng/Desktop/DATA/ONCE/val/lidar/000028/lidar_roof
[2025-11-08 11:53:18] [ONCEDataset] [INFO]: Found lidar data path: /home/lingfeng/Desktop/DATA/ONCE/val/lidar/000027/lidar_roof
[2025-11-08 11:53:18] [ONCEDataset] [INFO]: ONCEDataset(data_path=/home/lingfeng/Desktop/DATA/ONCE/val, annotation_path=/home/lingfeng/Desktop/DATA/ONCE/val/annotation)
[2025-11-08 11:55:29] [ONCEDataset] [INFO]: Found camera data path: /home/lingfeng/Desktop/DATA/ONCE/val/camera/000201/cam06
[2025-11-08 11:55:29] [ONCEDataset] [INFO]: Found camera data path: /home/lingfeng/Desktop/DATA/ONCE/val/camera/000201/cam05
[2025-11-08 11:55:29] [ONCEDataset] [INFO]: Found camera data path: /home/lingfeng/Desktop/DATA/ONCE/val/camera/000201/cam03
[2025-11-08 11:55:29] [ONCEDataset] [INFO]: Found camera data path: /home/lingfeng/Desktop/DATA/ONCE/val/camera/000201/cam01
[2025-11-08 11:55:29] [ONCEDataset] [INFO]: Found camera data path: /home/lingfeng/Desktop/DATA/ONCE/val/camera/000201/cam08
[2025-11-08 11:55:29] [ONCEDataset] [INFO]: Found camera data path: /home/lingfeng/Desktop/DATA/ONCE/val/camera/000201/cam07
[2025-11-08 11:55:29] [ONCEDataset] [INFO]: Found camera data path: /home/lingfeng/Desktop/DATA/ONCE/val/camera/000201/cam09
[2025-11-08 11:55:29] [ONCEDataset] [INFO]: Found camera data path: /home/lingfeng/Desktop/DATA/ONCE/val/camera/000112/cam06
[2025-11-08 11:55:29] [ONCEDataset] [INFO]: Found camera data path: /home/lingfeng/Desktop/DATA/ONCE/val/camera/000112/cam05
[2025-11-08 11:55:29] [ONCEDataset] [INFO]: Found camera data path: /home/lingfeng/Desktop/DATA/ONCE/val/camera/000112/cam03
[2025-11-08 11:55:29] [ONCEDataset] [INFO]: Found camera data path: /home/lingfeng/Desktop/DATA/ONCE/val/camera/000112/cam01
[2025-11-08 11:55:29] [ONCEDataset] [INFO]: Found camera data path: /home/lingfeng/Desktop/DATA/ONCE/val/camera/000112/cam08
[2025-11-08 11:55:29] [ONCEDataset] [INFO]: Found camera data path: /home/lingfeng/Desktop/DATA/ONCE/val/camera/000112/cam07
[2025-11-08 11:55:29] [ONCEDataset] [INFO]: Found camera data path: /home/lingfeng/Desktop/DATA/ONCE/val/camera/000112/cam09
[2025-11-08 11:55:29] [ONCEDataset] [INFO]: Found camera data path: /home/lingfeng/Desktop/DATA/ONCE/val/camera/000028/cam06
[2025-11-08 11:55:29] [ONCEDataset] [INFO]: Found camera data path: /home/lingfeng/Desktop/DATA/ONCE/val/camera/000028/cam05
[2025-11-08 11:55:29] [ONCEDataset] [INFO]: Found camera data path: /home/lingfeng/Desktop/DATA/ONCE/val/camera/000028/cam03
[2025-11-08 11:55:29] [ONCEDataset] [INFO]: Found camera data path: /home/lingfeng/Desktop/DATA/ONCE/val/camera/000028/cam01
[2025-11-08 11:55:29] [ONCEDataset] [INFO]: Found camera data path: /home/lingfeng/Desktop/DATA/ONCE/val/camera/000028/cam08
[2025-11-08 11:55:29] [ONCEDataset] [INFO]: Found camera data path: /home/lingfeng/Desktop/DATA/ONCE/val/camera/000028/cam07
[2025-11-08 11:55:29] [ONCEDataset] [INFO]: Found camera data path: /home/lingfeng/Desktop/DATA/ONCE/val/camera/000028/cam09
[2025-11-08 11:55:29] [ONCEDataset] [INFO]: Found camera data path: /home/lingfeng/Desktop/DATA/ONCE/val/camera/000027/cam06
[2025-11-08 11:55:29] [ONCEDataset] [INFO]: Found camera data path: /home/lingfeng/Desktop/DATA/ONCE/val/camera/000027/cam05
[2025-11-08 11:55:29] [ONCEDataset] [INFO]: Found camera data path: /home/lingfeng/Desktop/DATA/ONCE/val/camera/000027/cam03
[2025-11-08 11:55:29] [ONCEDataset] [INFO]: Found camera data path: /home/lingfeng/Desktop/DATA/ONCE/val/camera/000027/cam01
[2025-11-08 11:55:29] [ONCEDataset] [INFO]: Found camera data path: /home/lingfeng/Desktop/DATA/ONCE/val/camera/000027/cam08
[2025-11-08 11:55:29] [ONCEDataset] [INFO]: Found camera data path: /home/lingfeng/Desktop/DATA/ONCE/val/camera/000027/cam07
[2025-11-08 11:55:29] [ONCEDataset] [INFO]: Found camera data path: /home/lingfeng/Desktop/DATA/ONCE/val/camera/000027/cam09
[2025-11-08 11:55:29] [ONCEDataset] [INFO]: Found lidar data path: /home/lingfeng/Desktop/DATA/ONCE/val/lidar/000201/lidar_roof
[2025-11-08 11:55:29] [ONCEDataset] [INFO]: Found lidar data path: /home/lingfeng/Desktop/DATA/ONCE/val/lidar/000112/lidar_roof
[2025-11-08 11:55:29] [ONCEDataset] [INFO]: Found lidar data path: /home/lingfeng/Desktop/DATA/ONCE/val/lidar/000028/lidar_roof
[2025-11-08 11:55:29] [ONCEDataset] [INFO]: Found lidar data path: /home/lingfeng/Desktop/DATA/ONCE/val/lidar/000027/lidar_roof
[2025-11-08 11:55:29] [ONCEDataset] [INFO]: ONCEDataset(data_path=/home/lingfeng/Desktop/DATA/ONCE/val, annotation_path=/home/lingfeng/Desktop/DATA/ONCE/val/annotation)
[2025-11-08 11:55:29] [ONCEDataset] [INFO]: Found camera data path: /home/lingfeng/Desktop/DATA/ONCE/val/camera/000201/cam06
[2025-11-08 11:55:29] [ONCEDataset] [INFO]: Found camera data path: /home/lingfeng/Desktop/DATA/ONCE/val/camera/000201/cam05
[2025-11-08 11:55:29] [ONCEDataset] [INFO]: Found camera data path: /home/lingfeng/Desktop/DATA/ONCE/val/camera/000201/cam03
[2025-11-08 11:55:29] [ONCEDataset] [INFO]: Found camera data path: /home/lingfeng/Desktop/DATA/ONCE/val/camera/000201/cam01
[2025-11-08 11:55:29] [ONCEDataset] [INFO]: Found camera data path: /home/lingfeng/Desktop/DATA/ONCE/val/camera/000201/cam08
[2025-11-08 11:55:29] [ONCEDataset] [INFO]: Found camera data path: /home/lingfeng/Desktop/DATA/ONCE/val/camera/000201/cam07
[2025-11-08 11:55:29] [ONCEDataset] [INFO]: Found camera data path: /home/lingfeng/Desktop/DATA/ONCE/val/camera/000201/cam09
[2025-11-08 11:55:29] [ONCEDataset] [INFO]: Found camera data path: /home/lingfeng/Desktop/DATA/ONCE/val/camera/000112/cam06
[2025-11-08 11:55:29] [ONCEDataset] [INFO]: Found camera data path: /home/lingfeng/Desktop/DATA/ONCE/val/camera/000112/cam05
[2025-11-08 11:55:29] [ONCEDataset] [INFO]: Found camera data path: /home/lingfeng/Desktop/DATA/ONCE/val/camera/000112/cam03
[2025-11-08 11:55:29] [ONCEDataset] [INFO]: Found camera data path: /home/lingfeng/Desktop/DATA/ONCE/val/camera/000112/cam01
[2025-11-08 11:55:29] [ONCEDataset] [INFO]: Found camera data path: /home/lingfeng/Desktop/DATA/ONCE/val/camera/000112/cam08
[2025-11-08 11:55:29] [ONCEDataset] [INFO]: Found camera data path: /home/lingfeng/Desktop/DATA/ONCE/val/camera/000112/cam07
[2025-11-08 11:55:29] [ONCEDataset] [INFO]: Found camera data path: /home/lingfeng/Desktop/DATA/ONCE/val/camera/000112/cam09
[2025-11-08 11:55:29] [ONCEDataset] [INFO]: Found camera data path: /home/lingfeng/Desktop/DATA/ONCE/val/camera/000028/cam06
[2025-11-08 11:55:29] [ONCEDataset] [INFO]: Found camera data path: /home/lingfeng/Desktop/DATA/ONCE/val/camera/000028/cam05
[2025-11-08 11:55:29] [ONCEDataset] [INFO]: Found camera data path: /home/lingfeng/Desktop/DATA/ONCE/val/camera/000028/cam03
[2025-11-08 11:55:29] [ONCEDataset] [INFO]: Found camera data path: /home/lingfeng/Desktop/DATA/ONCE/val/camera/000028/cam01
[2025-11-08 11:55:29] [ONCEDataset] [INFO]: Found camera data path: /home/lingfeng/Desktop/DATA/ONCE/val/camera/000028/cam08
[2025-11-08 11:55:29] [ONCEDataset] [INFO]: Found camera data path: /home/lingfeng/Desktop/DATA/ONCE/val/camera/000028/cam07
[2025-11-08 11:55:29] [ONCEDataset] [INFO]: Found camera data path: /home/lingfeng/Desktop/DATA/ONCE/val/camera/000028/cam09
[2025-11-08 11:55:29] [ONCEDataset] [INFO]: Found camera data path: /home/lingfeng/Desktop/DATA/ONCE/val/camera/000027/cam06
[2025-11-08 11:55:29] [ONCEDataset] [INFO]: Found camera data path: /home/lingfeng/Desktop/DATA/ONCE/val/camera/000027/cam05
[2025-11-08 11:55:29] [ONCEDataset] [INFO]: Found camera data path: /home/lingfeng/Desktop/DATA/ONCE/val/camera/000027/cam03
[2025-11-08 11:55:29] [ONCEDataset] [INFO]: Found camera data path: /home/lingfeng/Desktop/DATA/ONCE/val/camera/000027/cam01
[2025-11-08 11:55:29] [ONCEDataset] [INFO]: Found camera data path: /home/lingfeng/Desktop/DATA/ONCE/val/camera/000027/cam08
[2025-11-08 11:55:29] [ONCEDataset] [INFO]: Found camera data path: /home/lingfeng/Desktop/DATA/ONCE/val/camera/000027/cam07
[2025-11-08 11:55:29] [ONCEDataset] [INFO]: Found camera data path: /home/lingfeng/Desktop/DATA/ONCE/val/camera/000027/cam09
[2025-11-08 11:55:29] [ONCEDataset] [INFO]: Found lidar data path: /home/lingfeng/Desktop/DATA/ONCE/val/lidar/000201/lidar_roof
[2025-11-08 11:55:29] [ONCEDataset] [INFO]: Found lidar data path: /home/lingfeng/Desktop/DATA/ONCE/val/lidar/000112/lidar_roof
[2025-11-08 11:55:29] [ONCEDataset] [INFO]: Found lidar data path: /home/lingfeng/Desktop/DATA/ONCE/val/lidar/000028/lidar_roof
[2025-11-08 11:55:29] [ONCEDataset] [INFO]: Found lidar data path: /home/lingfeng/Desktop/DATA/ONCE/val/lidar/000027/lidar_roof
[2025-11-08 11:55:29] [ONCEDataset] [INFO]: ONCEDataset(data_path=/home/lingfeng/Desktop/DATA/ONCE/val, annotation_path=/home/lingfeng/Desktop/DATA/ONCE/val/annotation)
[2025-11-08 11:57:22] [ONCEDataset] [INFO]: Found camera data path: /home/lingfeng/Desktop/DATA/ONCE/val/camera/000201/cam06
[2025-11-08 11:57:22] [ONCEDataset] [INFO]: Found camera data path: /home/lingfeng/Desktop/DATA/ONCE/val/camera/000201/cam05
[2025-11-08 11:57:22] [ONCEDataset] [INFO]: Found camera data path: /home/lingfeng/Desktop/DATA/ONCE/val/camera/000201/cam03
[2025-11-08 11:57:22] [ONCEDataset] [INFO]: Found camera data path: /home/lingfeng/Desktop/DATA/ONCE/val/camera/000201/cam01
[2025-11-08 11:57:22] [ONCEDataset] [INFO]: Found camera data path: /home/lingfeng/Desktop/DATA/ONCE/val/camera/000201/cam08
[2025-11-08 11:57:22] [ONCEDataset] [INFO]: Found camera data path: /home/lingfeng/Desktop/DATA/ONCE/val/camera/000201/cam07
[2025-11-08 11:57:22] [ONCEDataset] [INFO]: Found camera data path: /home/lingfeng/Desktop/DATA/ONCE/val/camera/000201/cam09
[2025-11-08 11:57:22] [ONCEDataset] [INFO]: Found camera data path: /home/lingfeng/Desktop/DATA/ONCE/val/camera/000112/cam06
[2025-11-08 11:57:22] [ONCEDataset] [INFO]: Found camera data path: /home/lingfeng/Desktop/DATA/ONCE/val/camera/000112/cam05
[2025-11-08 11:57:22] [ONCEDataset] [INFO]: Found camera data path: /home/lingfeng/Desktop/DATA/ONCE/val/camera/000112/cam03
[2025-11-08 11:57:22] [ONCEDataset] [INFO]: Found camera data path: /home/lingfeng/Desktop/DATA/ONCE/val/camera/000112/cam01
[2025-11-08 11:57:22] [ONCEDataset] [INFO]: Found camera data path: /home/lingfeng/Desktop/DATA/ONCE/val/camera/000112/cam08
[2025-11-08 11:57:22] [ONCEDataset] [INFO]: Found camera data path: /home/lingfeng/Desktop/DATA/ONCE/val/camera/000112/cam07
[2025-11-08 11:57:22] [ONCEDataset] [INFO]: Found camera data path: /home/lingfeng/Desktop/DATA/ONCE/val/camera/000112/cam09
[2025-11-08 11:57:22] [ONCEDataset] [INFO]: Found camera data path: /home/lingfeng/Desktop/DATA/ONCE/val/camera/000028/cam06
[2025-11-08 11:57:22] [ONCEDataset] [INFO]: Found camera data path: /home/lingfeng/Desktop/DATA/ONCE/val/camera/000028/cam05
[2025-11-08 11:57:22] [ONCEDataset] [INFO]: Found camera data path: /home/lingfeng/Desktop/DATA/ONCE/val/camera/000028/cam03
[2025-11-08 11:57:22] [ONCEDataset] [INFO]: Found camera data path: /home/lingfeng/Desktop/DATA/ONCE/val/camera/000028/cam01
[2025-11-08 11:57:22] [ONCEDataset] [INFO]: Found camera data path: /home/lingfeng/Desktop/DATA/ONCE/val/camera/000028/cam08
[2025-11-08 11:57:22] [ONCEDataset] [INFO]: Found camera data path: /home/lingfeng/Desktop/DATA/ONCE/val/camera/000028/cam07
[2025-11-08 11:57:22] [ONCEDataset] [INFO]: Found camera data path: /home/lingfeng/Desktop/DATA/ONCE/val/camera/000028/cam09
[2025-11-08 11:57:22] [ONCEDataset] [INFO]: Found camera data path: /home/lingfeng/Desktop/DATA/ONCE/val/camera/000027/cam06
[2025-11-08 11:57:22] [ONCEDataset] [INFO]: Found camera data path: /home/lingfeng/Desktop/DATA/ONCE/val/camera/000027/cam05
[2025-11-08 11:57:22] [ONCEDataset] [INFO]: Found camera data path: /home/lingfeng/Desktop/DATA/ONCE/val/camera/000027/cam03
[2025-11-08 11:57:22] [ONCEDataset] [INFO]: Found camera data path: /home/lingfeng/Desktop/DATA/ONCE/val/camera/000027/cam01
[2025-11-08 11:57:22] [ONCEDataset] [INFO]: Found camera data path: /home/lingfeng/Desktop/DATA/ONCE/val/camera/000027/cam08
[2025-11-08 11:57:22] [ONCEDataset] [INFO]: Found camera data path: /home/lingfeng/Desktop/DATA/ONCE/val/camera/000027/cam07
[2025-11-08 11:57:22] [ONCEDataset] [INFO]: Found camera data path: /home/lingfeng/Desktop/DATA/ONCE/val/camera/000027/cam09
[2025-11-08 11:57:22] [ONCEDataset] [INFO]: Found lidar data path: /home/lingfeng/Desktop/DATA/ONCE/val/lidar/000201/lidar_roof
[2025-11-08 11:57:22] [ONCEDataset] [INFO]: Found lidar data path: /home/lingfeng/Desktop/DATA/ONCE/val/lidar/000112/lidar_roof
[2025-11-08 11:57:22] [ONCEDataset] [INFO]: Found lidar data path: /home/lingfeng/Desktop/DATA/ONCE/val/lidar/000028/lidar_roof
[2025-11-08 11:57:22] [ONCEDataset] [INFO]: Found lidar data path: /home/lingfeng/Desktop/DATA/ONCE/val/lidar/000027/lidar_roof
[2025-11-08 11:57:22] [ONCEDataset] [INFO]: Found annotation path: /home/lingfeng/Desktop/DATA/ONCE/val/annotation/000201
[2025-11-08 11:57:22] [ONCEDataset] [INFO]: Found annotation path: /home/lingfeng/Desktop/DATA/ONCE/val/annotation/000112
[2025-11-08 11:57:22] [ONCEDataset] [INFO]: Found annotation path: /home/lingfeng/Desktop/DATA/ONCE/val/annotation/000028
[2025-11-08 11:57:22] [ONCEDataset] [INFO]: Found annotation path: /home/lingfeng/Desktop/DATA/ONCE/val/annotation/000027
[2025-11-08 11:57:22] [ONCEDataset] [INFO]: ONCEDataset(data_path=/home/lingfeng/Desktop/DATA/ONCE/val, annotation_path=/home/lingfeng/Desktop/DATA/ONCE/val/annotation)
[2025-11-08 11:57:22] [ONCEDataset] [INFO]: Found camera data path: /home/lingfeng/Desktop/DATA/ONCE/val/camera/000201/cam06
[2025-11-08 11:57:22] [ONCEDataset] [INFO]: Found camera data path: /home/lingfeng/Desktop/DATA/ONCE/val/camera/000201/cam05
[2025-11-08 11:57:22] [ONCEDataset] [INFO]: Found camera data path: /home/lingfeng/Desktop/DATA/ONCE/val/camera/000201/cam03
[2025-11-08 11:57:22] [ONCEDataset] [INFO]: Found camera data path: /home/lingfeng/Desktop/DATA/ONCE/val/camera/000201/cam01
[2025-11-08 11:57:22] [ONCEDataset] [INFO]: Found camera data path: /home/lingfeng/Desktop/DATA/ONCE/val/camera/000201/cam08
[2025-11-08 11:57:22] [ONCEDataset] [INFO]: Found camera data path: /home/lingfeng/Desktop/DATA/ONCE/val/camera/000201/cam07
[2025-11-08 11:57:22] [ONCEDataset] [INFO]: Found camera data path: /home/lingfeng/Desktop/DATA/ONCE/val/camera/000201/cam09
[2025-11-08 11:57:22] [ONCEDataset] [INFO]: Found camera data path: /home/lingfeng/Desktop/DATA/ONCE/val/camera/000112/cam06
[2025-11-08 11:57:22] [ONCEDataset] [INFO]: Found camera data path: /home/lingfeng/Desktop/DATA/ONCE/val/camera/000112/cam05
[2025-11-08 11:57:22] [ONCEDataset] [INFO]: Found camera data path: /home/lingfeng/Desktop/DATA/ONCE/val/camera/000112/cam03
[2025-11-08 11:57:22] [ONCEDataset] [INFO]: Found camera data path: /home/lingfeng/Desktop/DATA/ONCE/val/camera/000112/cam01
[2025-11-08 11:57:22] [ONCEDataset] [INFO]: Found camera data path: /home/lingfeng/Desktop/DATA/ONCE/val/camera/000112/cam08
[2025-11-08 11:57:22] [ONCEDataset] [INFO]: Found camera data path: /home/lingfeng/Desktop/DATA/ONCE/val/camera/000112/cam07
[2025-11-08 11:57:22] [ONCEDataset] [INFO]: Found camera data path: /home/lingfeng/Desktop/DATA/ONCE/val/camera/000112/cam09
[2025-11-08 11:57:22] [ONCEDataset] [INFO]: Found camera data path: /home/lingfeng/Desktop/DATA/ONCE/val/camera/000028/cam06
[2025-11-08 11:57:22] [ONCEDataset] [INFO]: Found camera data path: /home/lingfeng/Desktop/DATA/ONCE/val/camera/000028/cam05
[2025-11-08 11:57:22] [ONCEDataset] [INFO]: Found camera data path: /home/lingfeng/Desktop/DATA/ONCE/val/camera/000028/cam03
[2025-11-08 11:57:22] [ONCEDataset] [INFO]: Found camera data path: /home/lingfeng/Desktop/DATA/ONCE/val/camera/000028/cam01
[2025-11-08 11:57:22] [ONCEDataset] [INFO]: Found camera data path: /home/lingfeng/Desktop/DATA/ONCE/val/camera/000028/cam08
[2025-11-08 11:57:22] [ONCEDataset] [INFO]: Found camera data path: /home/lingfeng/Desktop/DATA/ONCE/val/camera/000028/cam07
[2025-11-08 11:57:22] [ONCEDataset] [INFO]: Found camera data path: /home/lingfeng/Desktop/DATA/ONCE/val/camera/000028/cam09
[2025-11-08 11:57:22] [ONCEDataset] [INFO]: Found camera data path: /home/lingfeng/Desktop/DATA/ONCE/val/camera/000027/cam06
[2025-11-08 11:57:22] [ONCEDataset] [INFO]: Found camera data path: /home/lingfeng/Desktop/DATA/ONCE/val/camera/000027/cam05
[2025-11-08 11:57:22] [ONCEDataset] [INFO]: Found camera data path: /home/lingfeng/Desktop/DATA/ONCE/val/camera/000027/cam03
[2025-11-08 11:57:22] [ONCEDataset] [INFO]: Found camera data path: /home/lingfeng/Desktop/DATA/ONCE/val/camera/000027/cam01
[2025-11-08 11:57:22] [ONCEDataset] [INFO]: Found camera data path: /home/lingfeng/Desktop/DATA/ONCE/val/camera/000027/cam08
[2025-11-08 11:57:22] [ONCEDataset] [INFO]: Found camera data path: /home/lingfeng/Desktop/DATA/ONCE/val/camera/000027/cam07
[2025-11-08 11:57:22] [ONCEDataset] [INFO]: Found camera data path: /home/lingfeng/Desktop/DATA/ONCE/val/camera/000027/cam09
[2025-11-08 11:57:22] [ONCEDataset] [INFO]: Found lidar data path: /home/lingfeng/Desktop/DATA/ONCE/val/lidar/000201/lidar_roof
[2025-11-08 11:57:22] [ONCEDataset] [INFO]: Found lidar data path: /home/lingfeng/Desktop/DATA/ONCE/val/lidar/000112/lidar_roof
[2025-11-08 11:57:22] [ONCEDataset] [INFO]: Found lidar data path: /home/lingfeng/Desktop/DATA/ONCE/val/lidar/000028/lidar_roof
[2025-11-08 11:57:22] [ONCEDataset] [INFO]: Found lidar data path: /home/lingfeng/Desktop/DATA/ONCE/val/lidar/000027/lidar_roof
[2025-11-08 11:57:22] [ONCEDataset] [INFO]: Found annotation path: /home/lingfeng/Desktop/DATA/ONCE/val/annotation/000201
[2025-11-08 11:57:22] [ONCEDataset] [INFO]: Found annotation path: /home/lingfeng/Desktop/DATA/ONCE/val/annotation/000112
[2025-11-08 11:57:22] [ONCEDataset] [INFO]: Found annotation path: /home/lingfeng/Desktop/DATA/ONCE/val/annotation/000028
[2025-11-08 11:57:22] [ONCEDataset] [INFO]: Found annotation path: /home/lingfeng/Desktop/DATA/ONCE/val/annotation/000027
[2025-11-08 11:57:22] [ONCEDataset] [INFO]: ONCEDataset(data_path=/home/lingfeng/Desktop/DATA/ONCE/val, annotation_path=/home/lingfeng/Desktop/DATA/ONCE/val/annotation)
[2025-11-08 11:58:05] [ONCEDataset] [INFO]: Found camera data path: /home/lingfeng/Desktop/DATA/ONCE/val/camera/000201/cam06
[2025-11-08 11:58:05] [ONCEDataset] [INFO]: Found camera data path: /home/lingfeng/Desktop/DATA/ONCE/val/camera/000201/cam05
[2025-11-08 11:58:05] [ONCEDataset] [INFO]: Found camera data path: /home/lingfeng/Desktop/DATA/ONCE/val/camera/000201/cam03
[2025-11-08 11:58:05] [ONCEDataset] [INFO]: Found camera data path: /home/lingfeng/Desktop/DATA/ONCE/val/camera/000201/cam01
[2025-11-08 11:58:05] [ONCEDataset] [INFO]: Found camera data path: /home/lingfeng/Desktop/DATA/ONCE/val/camera/000201/cam08
[2025-11-08 11:58:05] [ONCEDataset] [INFO]: Found camera data path: /home/lingfeng/Desktop/DATA/ONCE/val/camera/000201/cam07
[2025-11-08 11:58:05] [ONCEDataset] [INFO]: Found camera data path: /home/lingfeng/Desktop/DATA/ONCE/val/camera/000201/cam09
[2025-11-08 11:58:05] [ONCEDataset] [INFO]: Found camera data path: /home/lingfeng/Desktop/DATA/ONCE/val/camera/000112/cam06
[2025-11-08 11:58:05] [ONCEDataset] [INFO]: Found camera data path: /home/lingfeng/Desktop/DATA/ONCE/val/camera/000112/cam05
[2025-11-08 11:58:05] [ONCEDataset] [INFO]: Found camera data path: /home/lingfeng/Desktop/DATA/ONCE/val/camera/000112/cam03
[2025-11-08 11:58:05] [ONCEDataset] [INFO]: Found camera data path: /home/lingfeng/Desktop/DATA/ONCE/val/camera/000112/cam01
[2025-11-08 11:58:05] [ONCEDataset] [INFO]: Found camera data path: /home/lingfeng/Desktop/DATA/ONCE/val/camera/000112/cam08
[2025-11-08 11:58:05] [ONCEDataset] [INFO]: Found camera data path: /home/lingfeng/Desktop/DATA/ONCE/val/camera/000112/cam07
[2025-11-08 11:58:05] [ONCEDataset] [INFO]: Found camera data path: /home/lingfeng/Desktop/DATA/ONCE/val/camera/000112/cam09
[2025-11-08 11:58:05] [ONCEDataset] [INFO]: Found camera data path: /home/lingfeng/Desktop/DATA/ONCE/val/camera/000028/cam06
[2025-11-08 11:58:05] [ONCEDataset] [INFO]: Found camera data path: /home/lingfeng/Desktop/DATA/ONCE/val/camera/000028/cam05
[2025-11-08 11:58:05] [ONCEDataset] [INFO]: Found camera data path: /home/lingfeng/Desktop/DATA/ONCE/val/camera/000028/cam03
[2025-11-08 11:58:05] [ONCEDataset] [INFO]: Found camera data path: /home/lingfeng/Desktop/DATA/ONCE/val/camera/000028/cam01
[2025-11-08 11:58:05] [ONCEDataset] [INFO]: Found camera data path: /home/lingfeng/Desktop/DATA/ONCE/val/camera/000028/cam08
[2025-11-08 11:58:05] [ONCEDataset] [INFO]: Found camera data path: /home/lingfeng/Desktop/DATA/ONCE/val/camera/000028/cam07
[2025-11-08 11:58:05] [ONCEDataset] [INFO]: Found camera data path: /home/lingfeng/Desktop/DATA/ONCE/val/camera/000028/cam09
[2025-11-08 11:58:05] [ONCEDataset] [INFO]: Found camera data path: /home/lingfeng/Desktop/DATA/ONCE/val/camera/000027/cam06
[2025-11-08 11:58:05] [ONCEDataset] [INFO]: Found camera data path: /home/lingfeng/Desktop/DATA/ONCE/val/camera/000027/cam05
[2025-11-08 11:58:05] [ONCEDataset] [INFO]: Found camera data path: /home/lingfeng/Desktop/DATA/ONCE/val/camera/000027/cam03
[2025-11-08 11:58:05] [ONCEDataset] [INFO]: Found camera data path: /home/lingfeng/Desktop/DATA/ONCE/val/camera/000027/cam01
[2025-11-08 11:58:05] [ONCEDataset] [INFO]: Found camera data path: /home/lingfeng/Desktop/DATA/ONCE/val/camera/000027/cam08
[2025-11-08 11:58:05] [ONCEDataset] [INFO]: Found camera data path: /home/lingfeng/Desktop/DATA/ONCE/val/camera/000027/cam07
[2025-11-08 11:58:05] [ONCEDataset] [INFO]: Found camera data path: /home/lingfeng/Desktop/DATA/ONCE/val/camera/000027/cam09
[2025-11-08 11:58:05] [ONCEDataset] [INFO]: Found lidar data path: /home/lingfeng/Desktop/DATA/ONCE/val/lidar/000201/lidar_roof
[2025-11-08 11:58:05] [ONCEDataset] [INFO]: Found lidar data path: /home/lingfeng/Desktop/DATA/ONCE/val/lidar/000112/lidar_roof
[2025-11-08 11:58:05] [ONCEDataset] [INFO]: Found lidar data path: /home/lingfeng/Desktop/DATA/ONCE/val/lidar/000028/lidar_roof
[2025-11-08 11:58:05] [ONCEDataset] [INFO]: Found lidar data path: /home/lingfeng/Desktop/DATA/ONCE/val/lidar/000027/lidar_roof
[2025-11-08 11:58:05] [ONCEDataset] [INFO]: Found annotation path: /home/lingfeng/Desktop/DATA/ONCE/val/annotation/000201/000201.json
[2025-11-08 11:58:05] [ONCEDataset] [INFO]: Found annotation path: /home/lingfeng/Desktop/DATA/ONCE/val/annotation/000112/000112.json
[2025-11-08 11:58:05] [ONCEDataset] [INFO]: Found annotation path: /home/lingfeng/Desktop/DATA/ONCE/val/annotation/000028/000028.json
[2025-11-08 11:58:05] [ONCEDataset] [INFO]: Found annotation path: /home/lingfeng/Desktop/DATA/ONCE/val/annotation/000027/000027.json
[2025-11-08 11:58:05] [ONCEDataset] [INFO]: ONCEDataset(data_path=/home/lingfeng/Desktop/DATA/ONCE/val, annotation_path=/home/lingfeng/Desktop/DATA/ONCE/val/annotation)
[2025-11-08 11:58:05] [ONCEDataset] [INFO]: Found camera data path: /home/lingfeng/Desktop/DATA/ONCE/val/camera/000201/cam06
[2025-11-08 11:58:05] [ONCEDataset] [INFO]: Found camera data path: /home/lingfeng/Desktop/DATA/ONCE/val/camera/000201/cam05
[2025-11-08 11:58:05] [ONCEDataset] [INFO]: Found camera data path: /home/lingfeng/Desktop/DATA/ONCE/val/camera/000201/cam03
[2025-11-08 11:58:05] [ONCEDataset] [INFO]: Found camera data path: /home/lingfeng/Desktop/DATA/ONCE/val/camera/000201/cam01
[2025-11-08 11:58:05] [ONCEDataset] [INFO]: Found camera data path: /home/lingfeng/Desktop/DATA/ONCE/val/camera/000201/cam08
[2025-11-08 11:58:05] [ONCEDataset] [INFO]: Found camera data path: /home/lingfeng/Desktop/DATA/ONCE/val/camera/000201/cam07
[2025-11-08 11:58:05] [ONCEDataset] [INFO]: Found camera data path: /home/lingfeng/Desktop/DATA/ONCE/val/camera/000201/cam09
[2025-11-08 11:58:05] [ONCEDataset] [INFO]: Found camera data path: /home/lingfeng/Desktop/DATA/ONCE/val/camera/000112/cam06
[2025-11-08 11:58:05] [ONCEDataset] [INFO]: Found camera data path: /home/lingfeng/Desktop/DATA/ONCE/val/camera/000112/cam05
[2025-11-08 11:58:05] [ONCEDataset] [INFO]: Found camera data path: /home/lingfeng/Desktop/DATA/ONCE/val/camera/000112/cam03
[2025-11-08 11:58:05] [ONCEDataset] [INFO]: Found camera data path: /home/lingfeng/Desktop/DATA/ONCE/val/camera/000112/cam01
[2025-11-08 11:58:05] [ONCEDataset] [INFO]: Found camera data path: /home/lingfeng/Desktop/DATA/ONCE/val/camera/000112/cam08
[2025-11-08 11:58:05] [ONCEDataset] [INFO]: Found camera data path: /home/lingfeng/Desktop/DATA/ONCE/val/camera/000112/cam07
[2025-11-08 11:58:05] [ONCEDataset] [INFO]: Found camera data path: /home/lingfeng/Desktop/DATA/ONCE/val/camera/000112/cam09
[2025-11-08 11:58:05] [ONCEDataset] [INFO]: Found camera data path: /home/lingfeng/Desktop/DATA/ONCE/val/camera/000028/cam06
[2025-11-08 11:58:05] [ONCEDataset] [INFO]: Found camera data path: /home/lingfeng/Desktop/DATA/ONCE/val/camera/000028/cam05
[2025-11-08 11:58:05] [ONCEDataset] [INFO]: Found camera data path: /home/lingfeng/Desktop/DATA/ONCE/val/camera/000028/cam03
[2025-11-08 11:58:05] [ONCEDataset] [INFO]: Found camera data path: /home/lingfeng/Desktop/DATA/ONCE/val/camera/000028/cam01
[2025-11-08 11:58:05] [ONCEDataset] [INFO]: Found camera data path: /home/lingfeng/Desktop/DATA/ONCE/val/camera/000028/cam08
[2025-11-08 11:58:05] [ONCEDataset] [INFO]: Found camera data path: /home/lingfeng/Desktop/DATA/ONCE/val/camera/000028/cam07
[2025-11-08 11:58:05] [ONCEDataset] [INFO]: Found camera data path: /home/lingfeng/Desktop/DATA/ONCE/val/camera/000028/cam09
[2025-11-08 11:58:05] [ONCEDataset] [INFO]: Found camera data path: /home/lingfeng/Desktop/DATA/ONCE/val/camera/000027/cam06
[2025-11-08 11:58:05] [ONCEDataset] [INFO]: Found camera data path: /home/lingfeng/Desktop/DATA/ONCE/val/camera/000027/cam05
[2025-11-08 11:58:05] [ONCEDataset] [INFO]: Found camera data path: /home/lingfeng/Desktop/DATA/ONCE/val/camera/000027/cam03
[2025-11-08 11:58:05] [ONCEDataset] [INFO]: Found camera data path: /home/lingfeng/Desktop/DATA/ONCE/val/camera/000027/cam01
[2025-11-08 11:58:05] [ONCEDataset] [INFO]: Found camera data path: /home/lingfeng/Desktop/DATA/ONCE/val/camera/000027/cam08
[2025-11-08 11:58:05] [ONCEDataset] [INFO]: Found camera data path: /home/lingfeng/Desktop/DATA/ONCE/val/camera/000027/cam07
[2025-11-08 11:58:05] [ONCEDataset] [INFO]: Found camera data path: /home/lingfeng/Desktop/DATA/ONCE/val/camera/000027/cam09
[2025-11-08 11:58:05] [ONCEDataset] [INFO]: Found lidar data path: /home/lingfeng/Desktop/DATA/ONCE/val/lidar/000201/lidar_roof
[2025-11-08 11:58:05] [ONCEDataset] [INFO]: Found lidar data path: /home/lingfeng/Desktop/DATA/ONCE/val/lidar/000112/lidar_roof
[2025-11-08 11:58:05] [ONCEDataset] [INFO]: Found lidar data path: /home/lingfeng/Desktop/DATA/ONCE/val/lidar/000028/lidar_roof
[2025-11-08 11:58:05] [ONCEDataset] [INFO]: Found lidar data path: /home/lingfeng/Desktop/DATA/ONCE/val/lidar/000027/lidar_roof
[2025-11-08 11:58:05] [ONCEDataset] [INFO]: Found annotation path: /home/lingfeng/Desktop/DATA/ONCE/val/annotation/000201/000201.json
[2025-11-08 11:58:05] [ONCEDataset] [INFO]: Found annotation path: /home/lingfeng/Desktop/DATA/ONCE/val/annotation/000112/000112.json
[2025-11-08 11:58:05] [ONCEDataset] [INFO]: Found annotation path: /home/lingfeng/Desktop/DATA/ONCE/val/annotation/000028/000028.json
[2025-11-08 11:58:05] [ONCEDataset] [INFO]: Found annotation path: /home/lingfeng/Desktop/DATA/ONCE/val/annotation/000027/000027.json
[2025-11-08 11:58:05] [ONCEDataset] [INFO]: ONCEDataset(data_path=/home/lingfeng/Desktop/DATA/ONCE/val, annotation_path=/home/lingfeng/Desktop/DATA/ONCE/val/annotation)
[2025-11-08 11:59:25] [ONCEDataset] [INFO]: Found camera data path: /home/lingfeng/Desktop/DATA/ONCE/val/camera/000201/cam06
[2025-11-08 11:59:25] [ONCEDataset] [INFO]: Found camera data path: /home/lingfeng/Desktop/DATA/ONCE/val/camera/000201/cam05
[2025-11-08 11:59:25] [ONCEDataset] [INFO]: Found camera data path: /home/lingfeng/Desktop/DATA/ONCE/val/camera/000201/cam03
[2025-11-08 11:59:25] [ONCEDataset] [INFO]: Found camera data path: /home/lingfeng/Desktop/DATA/ONCE/val/camera/000201/cam01
[2025-11-08 11:59:25] [ONCEDataset] [INFO]: Found camera data path: /home/lingfeng/Desktop/DATA/ONCE/val/camera/000201/cam08
[2025-11-08 11:59:25] [ONCEDataset] [INFO]: Found camera data path: /home/lingfeng/Desktop/DATA/ONCE/val/camera/000201/cam07
[2025-11-08 11:59:25] [ONCEDataset] [INFO]: Found camera data path: /home/lingfeng/Desktop/DATA/ONCE/val/camera/000201/cam09
[2025-11-08 11:59:25] [ONCEDataset] [INFO]: Found camera data path: /home/lingfeng/Desktop/DATA/ONCE/val/camera/000112/cam06
[2025-11-08 11:59:25] [ONCEDataset] [INFO]: Found camera data path: /home/lingfeng/Desktop/DATA/ONCE/val/camera/000112/cam05
[2025-11-08 11:59:25] [ONCEDataset] [INFO]: Found camera data path: /home/lingfeng/Desktop/DATA/ONCE/val/camera/000112/cam03
[2025-11-08 11:59:25] [ONCEDataset] [INFO]: Found camera data path: /home/lingfeng/Desktop/DATA/ONCE/val/camera/000112/cam01
[2025-11-08 11:59:25] [ONCEDataset] [INFO]: Found camera data path: /home/lingfeng/Desktop/DATA/ONCE/val/camera/000112/cam08
[2025-11-08 11:59:25] [ONCEDataset] [INFO]: Found camera data path: /home/lingfeng/Desktop/DATA/ONCE/val/camera/000112/cam07
[2025-11-08 11:59:25] [ONCEDataset] [INFO]: Found camera data path: /home/lingfeng/Desktop/DATA/ONCE/val/camera/000112/cam09
[2025-11-08 11:59:25] [ONCEDataset] [INFO]: Found camera data path: /home/lingfeng/Desktop/DATA/ONCE/val/camera/000028/cam06
[2025-11-08 11:59:25] [ONCEDataset] [INFO]: Found camera data path: /home/lingfeng/Desktop/DATA/ONCE/val/camera/000028/cam05
[2025-11-08 11:59:25] [ONCEDataset] [INFO]: Found camera data path: /home/lingfeng/Desktop/DATA/ONCE/val/camera/000028/cam03
[2025-11-08 11:59:25] [ONCEDataset] [INFO]: Found camera data path: /home/lingfeng/Desktop/DATA/ONCE/val/camera/000028/cam01
[2025-11-08 11:59:25] [ONCEDataset] [INFO]: Found camera data path: /home/lingfeng/Desktop/DATA/ONCE/val/camera/000028/cam08
[2025-11-08 11:59:25] [ONCEDataset] [INFO]: Found camera data path: /home/lingfeng/Desktop/DATA/ONCE/val/camera/000028/cam07
[2025-11-08 11:59:25] [ONCEDataset] [INFO]: Found camera data path: /home/lingfeng/Desktop/DATA/ONCE/val/camera/000028/cam09
[2025-11-08 11:59:25] [ONCEDataset] [INFO]: Found camera data path: /home/lingfeng/Desktop/DATA/ONCE/val/camera/000027/cam06
[2025-11-08 11:59:25] [ONCEDataset] [INFO]: Found camera data path: /home/lingfeng/Desktop/DATA/ONCE/val/camera/000027/cam05
[2025-11-08 11:59:25] [ONCEDataset] [INFO]: Found camera data path: /home/lingfeng/Desktop/DATA/ONCE/val/camera/000027/cam03
[2025-11-08 11:59:25] [ONCEDataset] [INFO]: Found camera data path: /home/lingfeng/Desktop/DATA/ONCE/val/camera/000027/cam01
[2025-11-08 11:59:25] [ONCEDataset] [INFO]: Found camera data path: /home/lingfeng/Desktop/DATA/ONCE/val/camera/000027/cam08
[2025-11-08 11:59:25] [ONCEDataset] [INFO]: Found camera data path: /home/lingfeng/Desktop/DATA/ONCE/val/camera/000027/cam07
[2025-11-08 11:59:25] [ONCEDataset] [INFO]: Found camera data path: /home/lingfeng/Desktop/DATA/ONCE/val/camera/000027/cam09
[2025-11-08 11:59:25] [ONCEDataset] [INFO]: Found lidar data path: /home/lingfeng/Desktop/DATA/ONCE/val/lidar/000201/lidar_roof
[2025-11-08 11:59:25] [ONCEDataset] [INFO]: Found lidar data path: /home/lingfeng/Desktop/DATA/ONCE/val/lidar/000112/lidar_roof
[2025-11-08 11:59:25] [ONCEDataset] [INFO]: Found lidar data path: /home/lingfeng/Desktop/DATA/ONCE/val/lidar/000028/lidar_roof
[2025-11-08 11:59:25] [ONCEDataset] [INFO]: Found lidar data path: /home/lingfeng/Desktop/DATA/ONCE/val/lidar/000027/lidar_roof
[2025-11-08 11:59:25] [ONCEDataset] [INFO]: Found annotation path: /home/lingfeng/Desktop/DATA/ONCE/val/annotation/000201/000201.json
[2025-11-08 11:59:25] [ONCEDataset] [INFO]: Found annotation path: /home/lingfeng/Desktop/DATA/ONCE/val/annotation/000112/000112.json
[2025-11-08 11:59:25] [ONCEDataset] [INFO]: Found annotation path: /home/lingfeng/Desktop/DATA/ONCE/val/annotation/000028/000028.json
[2025-11-08 11:59:25] [ONCEDataset] [INFO]: Found annotation path: /home/lingfeng/Desktop/DATA/ONCE/val/annotation/000027/000027.json
[2025-11-08 11:59:25] [ONCEDataset] [INFO]: ONCEDataset(data_path=/home/lingfeng/Desktop/DATA/ONCE/val, annotation_path=/home/lingfeng/Desktop/DATA/ONCE/val/annotation)
[2025-11-08 11:59:25] [ONCEDataset] [INFO]: Found camera data path: /home/lingfeng/Desktop/DATA/ONCE/val/camera/000201/cam06
[2025-11-08 11:59:25] [ONCEDataset] [INFO]: Found camera data path: /home/lingfeng/Desktop/DATA/ONCE/val/camera/000201/cam05
[2025-11-08 11:59:25] [ONCEDataset] [INFO]: Found camera data path: /home/lingfeng/Desktop/DATA/ONCE/val/camera/000201/cam03
[2025-11-08 11:59:25] [ONCEDataset] [INFO]: Found camera data path: /home/lingfeng/Desktop/DATA/ONCE/val/camera/000201/cam01
[2025-11-08 11:59:25] [ONCEDataset] [INFO]: Found camera data path: /home/lingfeng/Desktop/DATA/ONCE/val/camera/000201/cam08
[2025-11-08 11:59:25] [ONCEDataset] [INFO]: Found camera data path: /home/lingfeng/Desktop/DATA/ONCE/val/camera/000201/cam07
[2025-11-08 11:59:25] [ONCEDataset] [INFO]: Found camera data path: /home/lingfeng/Desktop/DATA/ONCE/val/camera/000201/cam09
[2025-11-08 11:59:25] [ONCEDataset] [INFO]: Found camera data path: /home/lingfeng/Desktop/DATA/ONCE/val/camera/000112/cam06
[2025-11-08 11:59:25] [ONCEDataset] [INFO]: Found camera data path: /home/lingfeng/Desktop/DATA/ONCE/val/camera/000112/cam05
[2025-11-08 11:59:25] [ONCEDataset] [INFO]: Found camera data path: /home/lingfeng/Desktop/DATA/ONCE/val/camera/000112/cam03
[2025-11-08 11:59:25] [ONCEDataset] [INFO]: Found camera data path: /home/lingfeng/Desktop/DATA/ONCE/val/camera/000112/cam01
[2025-11-08 11:59:25] [ONCEDataset] [INFO]: Found camera data path: /home/lingfeng/Desktop/DATA/ONCE/val/camera/000112/cam08
[2025-11-08 11:59:25] [ONCEDataset] [INFO]: Found camera data path: /home/lingfeng/Desktop/DATA/ONCE/val/camera/000112/cam07
[2025-11-08 11:59:25] [ONCEDataset] [INFO]: Found camera data path: /home/lingfeng/Desktop/DATA/ONCE/val/camera/000112/cam09
[2025-11-08 11:59:25] [ONCEDataset] [INFO]: Found camera data path: /home/lingfeng/Desktop/DATA/ONCE/val/camera/000028/cam06
[2025-11-08 11:59:25] [ONCEDataset] [INFO]: Found camera data path: /home/lingfeng/Desktop/DATA/ONCE/val/camera/000028/cam05
[2025-11-08 11:59:25] [ONCEDataset] [INFO]: Found camera data path: /home/lingfeng/Desktop/DATA/ONCE/val/camera/000028/cam03
[2025-11-08 11:59:25] [ONCEDataset] [INFO]: Found camera data path: /home/lingfeng/Desktop/DATA/ONCE/val/camera/000028/cam01
[2025-11-08 11:59:25] [ONCEDataset] [INFO]: Found camera data path: /home/lingfeng/Desktop/DATA/ONCE/val/camera/000028/cam08
[2025-11-08 11:59:25] [ONCEDataset] [INFO]: Found camera data path: /home/lingfeng/Desktop/DATA/ONCE/val/camera/000028/cam07
[2025-11-08 11:59:25] [ONCEDataset] [INFO]: Found camera data path: /home/lingfeng/Desktop/DATA/ONCE/val/camera/000028/cam09
[2025-11-08 11:59:25] [ONCEDataset] [INFO]: Found camera data path: /home/lingfeng/Desktop/DATA/ONCE/val/camera/000027/cam06
[2025-11-08 11:59:25] [ONCEDataset] [INFO]: Found camera data path: /home/lingfeng/Desktop/DATA/ONCE/val/camera/000027/cam05
[2025-11-08 11:59:25] [ONCEDataset] [INFO]: Found camera data path: /home/lingfeng/Desktop/DATA/ONCE/val/camera/000027/cam03
[2025-11-08 11:59:25] [ONCEDataset] [INFO]: Found camera data path: /home/lingfeng/Desktop/DATA/ONCE/val/camera/000027/cam01
[2025-11-08 11:59:25] [ONCEDataset] [INFO]: Found camera data path: /home/lingfeng/Desktop/DATA/ONCE/val/camera/000027/cam08
[2025-11-08 11:59:25] [ONCEDataset] [INFO]: Found camera data path: /home/lingfeng/Desktop/DATA/ONCE/val/camera/000027/cam07
[2025-11-08 11:59:25] [ONCEDataset] [INFO]: Found camera data path: /home/lingfeng/Desktop/DATA/ONCE/val/camera/000027/cam09
[2025-11-08 11:59:25] [ONCEDataset] [INFO]: Found lidar data path: /home/lingfeng/Desktop/DATA/ONCE/val/lidar/000201/lidar_roof
[2025-11-08 11:59:25] [ONCEDataset] [INFO]: Found lidar data path: /home/lingfeng/Desktop/DATA/ONCE/val/lidar/000112/lidar_roof
[2025-11-08 11:59:25] [ONCEDataset] [INFO]: Found lidar data path: /home/lingfeng/Desktop/DATA/ONCE/val/lidar/000028/lidar_roof
[2025-11-08 11:59:25] [ONCEDataset] [INFO]: Found lidar data path: /home/lingfeng/Desktop/DATA/ONCE/val/lidar/000027/lidar_roof
[2025-11-08 11:59:25] [ONCEDataset] [INFO]: Found annotation path: /home/lingfeng/Desktop/DATA/ONCE/val/annotation/000201/000201.json
[2025-11-08 11:59:25] [ONCEDataset] [INFO]: Found annotation path: /home/lingfeng/Desktop/DATA/ONCE/val/annotation/000112/000112.json
[2025-11-08 11:59:25] [ONCEDataset] [INFO]: Found annotation path: /home/lingfeng/Desktop/DATA/ONCE/val/annotation/000028/000028.json
[2025-11-08 11:59:25] [ONCEDataset] [INFO]: Found annotation path: /home/lingfeng/Desktop/DATA/ONCE/val/annotation/000027/000027.json
[2025-11-08 11:59:25] [ONCEDataset] [INFO]: ONCEDataset(data_path=/home/lingfeng/Desktop/DATA/ONCE/val, annotation_path=/home/lingfeng/Desktop/DATA/ONCE/val/annotation)
